<?xml version="1.0" encoding="UTF-8"?>
<!-- Generated by org.testng.reporters.JUnitReportReporter -->
<testsuite hostname="LAPTOP-71JRUSPS" failures="0" tests="1" name="seleniumTest.LoginTest" time="5.730" errors="0" timestamp="2024-09-02T22:19:30 IST" skipped="0">
  <testcase classname="seleniumTest.LoginTest" name="loginMethod" time="5.730"/>
</testsuite> <!-- seleniumTest.LoginTest -->
